#
# A fatal error has been detected by the Java Runtime Environment:
#
#  EXCEPTION_ACCESS_VIOLATION (0xc0000005) at pc=0x000000005dabb330, pid=4916, tid=5724
#
# JRE version: 7.0_10-b18
# Java VM: Java HotSpot(TM) 64-Bit Server VM (23.6-b04 mixed mode windows-amd64 compressed oops)
# Problematic frame:
# V  [jvm.dll+0xfb330]
#
# Failed to write core dump. Minidumps are not enabled by default on client versions of Windows
#
# If you would like to submit a bug report, please visit:
#   http://bugreport.sun.com/bugreport/crash.jsp
#

---------------  T H R E A D  ---------------

Current thread (0x000000001ba4f000):  JavaThread "JDWP Transport Listener: dt_shmem" daemon [_thread_in_vm, id=5724, stack(0x000000001d280000,0x000000001d380000)]

siginfo: ExceptionCode=0xc0000005, reading address 0x0000000000000400

Registers:
RAX=0x0000000000000040, RBX=0x000000001ba4f000, RCX=0x0000000000000040, RDX=0x00000005fc20b8d0
RSP=0x000000001d37f310, RBP=0x0000000002146998, RSI=0x000000001b9c6c78, RDI=0x000000001b9c6c00
R8 =0x00000000000003d0, R9 =0x0000000000000000, R10=0x00000005fc4bf108, R11=0x000000001ba43da0
R12=0x000000006fb272b8, R13=0x000000006fb2729c, R14=0x000000006fb2a4e0, R15=0x000000006fb272b8
RIP=0x000000005dabb330, EFLAGS=0x0000000000010206

Top of Stack: (sp=0x000000001d37f310)
0x000000001d37f310:   000000001ba4f000 000000001ba61418
0x000000001d37f320:   00000005fc4bf108 0000000000000132
0x000000001d37f330:   000000001b9c6c78 000000006fb2395a
0x000000001d37f340:   000000001ba4f1d8 000000006fb2c5e8
0x000000001d37f350:   000000001d37f4f0 0000000000000000
0x000000001d37f360:   000000006fb2c5e8 000000001ba61418
0x000000001d37f370:   000000001ba61418 000000006fb2557f
0x000000001d37f380:   000000001b9c6c78 0000000000000132
0x000000001d37f390:   000000001ba4f1d8 000000001ba61418
0x000000001d37f3a0:   0000000000000000 000000006fb169da
0x000000001d37f3b0:   0000000000000000 0000000000000000
0x000000001d37f3c0:   000000001d37f4f0 0000000000000000
0x000000001d37f3d0:   000000001d37f4c0 000000006fb25b5f
0x000000001d37f3e0:   000000000209d400 000000001ba4f1d8
0x000000001d37f3f0:   0000000000000001 0000000000000000
0x000000001d37f400:   0000000000000000 0000000000000000 

Instructions: (pc=0x000000005dabb330)
0x000000005dabb310:   08 8b 0d 01 f2 55 00 48 d3 e0 48 03 05 ef f1 55
0x000000005dabb320:   00 eb 04 48 8b 40 08 8b 4a 1c 4c 8d 40 10 8b c1
0x000000005dabb330:   4a 39 54 01 f0 75 04 b0 01 eb 11 83 f9 28 74 04
0x000000005dabb340:   32 c0 eb 08 49 8b c8 e8 14 33 fe ff 84 c0 40 0f 


Register to memory mapping:

RAX=0x0000000000000040 is an unknown value
RBX=0x000000001ba4f000 is a thread
RCX=0x0000000000000040 is an unknown value
RDX=0x00000005fc20b8d0 is an oop
{instance class} 
 - klass: {other class}
RSP=0x000000001d37f310 is pointing into the stack for thread: 0x000000001ba4f000
RBP=0x0000000002146998 is a global jni handle
RSI=0x000000001b9c6c78 is an unknown value
RDI=0x000000001b9c6c00 is an unknown value
R8 =0x00000000000003d0 is an unknown value
R9 =0x0000000000000000 is an unknown value
R10=0x00000005fc4bf108 is an oop
{instance class} 
 - klass: {other class}
R11=0x000000001ba43da0 is an unknown value
R12=0x000000006fb272b8 is an unknown value
R13=0x000000006fb2729c is an unknown value
R14=0x000000006fb2a4e0 is an unknown value
R15=0x000000006fb272b8 is an unknown value


Stack: [0x000000001d280000,0x000000001d380000],  sp=0x000000001d37f310,  free space=1020k
Native frames: (J=compiled Java code, j=interpreted, Vv=VM code, C=native code)
V  [jvm.dll+0xfb330]


---------------  P R O C E S S  ---------------

Java Threads: ( => current thread )
  0x000000001ba70000 JavaThread "Service Thread" daemon [_thread_blocked, id=1920, stack(0x000000001d940000,0x000000001da40000)]
  0x000000001ba6f000 JavaThread "C2 CompilerThread1" daemon [_thread_blocked, id=6000, stack(0x000000001d820000,0x000000001d920000)]
  0x000000001ba6b800 JavaThread "C2 CompilerThread0" daemon [_thread_blocked, id=5148, stack(0x000000001d6d0000,0x000000001d7d0000)]
  0x000000001ba5e800 JavaThread "JDWP Command Reader" daemon [_thread_in_native, id=4456, stack(0x000000001d3e0000,0x000000001d4e0000)]
  0x000000001ba5b800 JavaThread "JDWP Event Helper Thread" daemon [_thread_blocked, id=560, stack(0x000000001c9c0000,0x000000001cac0000)]
=>0x000000001ba4f000 JavaThread "JDWP Transport Listener: dt_shmem" daemon [_thread_in_vm, id=5724, stack(0x000000001d280000,0x000000001d380000)]
  0x000000001ba47800 JavaThread "Attach Listener" daemon [_thread_blocked, id=6132, stack(0x000000001d0f0000,0x000000001d1f0000)]
  0x000000001ba42800 JavaThread "Signal Dispatcher" daemon [_thread_blocked, id=2832, stack(0x000000001cfc0000,0x000000001d0c0000)]
  0x0000000002159000 JavaThread "Finalizer" daemon [_thread_blocked, id=5280, stack(0x000000001ce10000,0x000000001cf10000)]
  0x0000000002152000 JavaThread "Reference Handler" daemon [_thread_blocked, id=5764, stack(0x000000001ccc0000,0x000000001cdc0000)]
  0x00000000021df000 JavaThread "main" [_thread_blocked, id=4928, stack(0x0000000002520000,0x0000000002620000)]

Other Threads:
  0x000000001b9c2800 VMThread [stack: 0x000000001cb60000,0x000000001cc60000] [id=3136]
  0x000000001ba91000 WatcherThread [stack: 0x000000001d520000,0x000000001d620000] [id=2952]

VM state:not at safepoint (normal execution)

VM Mutex/Monitor currently owned by a thread: None

Heap
 PSYoungGen      total 152576K, used 18323K [0x0000000755c00000, 0x0000000760640000, 0x0000000800000000)
  eden space 130816K, 14% used [0x0000000755c00000,0x0000000756de4da0,0x000000075dbc0000)
  from space 21760K, 0% used [0x000000075f100000,0x000000075f100000,0x0000000760640000)
  to   space 21760K, 0% used [0x000000075dbc0000,0x000000075dbc0000,0x000000075f100000)
 ParOldGen       total 348672K, used 0K [0x0000000601400000, 0x0000000616880000, 0x0000000755c00000)
  object space 348672K, 0% used [0x0000000601400000,0x0000000601400000,0x0000000616880000)
 PSPermGen       total 21248K, used 5713K [0x00000005fc200000, 0x00000005fd6c0000, 0x0000000601400000)
  object space 21248K, 26% used [0x00000005fc200000,0x00000005fc794738,0x00000005fd6c0000)

Card table byte_map: [0x0000000005620000,0x0000000006640000] byte_map_base: 0x000000000263f000

Polling page: 0x0000000000230000

Code Cache  [0x0000000002620000, 0x0000000002890000, 0x0000000005620000)
 total_blobs=276 nmethods=46 adapters=189 free_code_cache=48671Kb largest_free_block=49815680

Compilation events (10 events):
Event: 0.667 Thread 0x000000001ba6f000   42             java.util.HashMap$Entry::<init> (26 bytes)
Event: 0.667 Thread 0x000000001ba6f000 nmethod 42 0x000000000268d0d0 code [0x000000000268d200, 0x000000000268d298]
Event: 0.667 Thread 0x000000001ba6b800   43             java.util.HashMap$Entry::getValue (5 bytes)
Event: 0.668 Thread 0x000000001ba6b800 nmethod 43 0x0000000002697c50 code [0x0000000002697d80, 0x0000000002697df8]
Event: 0.673 Thread 0x000000001ba6f000   44             java.nio.HeapByteBuffer::ix (7 bytes)
Event: 0.673 Thread 0x000000001ba6f000 nmethod 44 0x0000000002694c10 code [0x0000000002694d40, 0x0000000002694d98]
Event: 0.725 Thread 0x000000001ba6b800   45             java.lang.String::startsWith (7 bytes)
Event: 0.725 Thread 0x000000001ba6f000   46             sun.misc.MetaIndex::mayContain (51 bytes)
Event: 0.727 Thread 0x000000001ba6b800 nmethod 45 0x0000000002699050 code [0x00000000026991a0, 0x00000000026993f8]
Event: 0.729 Thread 0x000000001ba6f000 nmethod 46 0x0000000002698650 code [0x00000000026987c0, 0x0000000002698c08]

GC Heap History (0 events):
No events

Deoptimization events (0 events):
No events

Internal exceptions (10 events):
Event: 0.318 Thread 0x00000000021df000 Threw 0x0000000756722b98 at C:\jdk7u2_64p\jdk7u10\hotspot\src\share\vm\prims\jvm.cpp:1166
Event: 0.319 Thread 0x00000000021df000 Threw 0x00000007567261b8 at C:\jdk7u2_64p\jdk7u10\hotspot\src\share\vm\prims\jvm.cpp:1166
Event: 0.604 Thread 0x00000000021df000 Threw 0x0000000756729c10 at C:\jdk7u2_64p\jdk7u10\hotspot\src\share\vm\prims\jvm.cpp:1166
Event: 0.605 Thread 0x00000000021df000 Threw 0x000000075672e370 at C:\jdk7u2_64p\jdk7u10\hotspot\src\share\vm\prims\jvm.cpp:1166
Event: 0.606 Thread 0x00000000021df000 Threw 0x0000000756740f90 at C:\jdk7u2_64p\jdk7u10\hotspot\src\share\vm\prims\jvm.cpp:1166
Event: 0.607 Thread 0x00000000021df000 Threw 0x0000000756754198 at C:\jdk7u2_64p\jdk7u10\hotspot\src\share\vm\prims\jvm.cpp:1166
Event: 0.607 Thread 0x00000000021df000 Threw 0x0000000756756d00 at C:\jdk7u2_64p\jdk7u10\hotspot\src\share\vm\prims\jvm.cpp:1166
Event: 0.608 Thread 0x00000000021df000 Threw 0x00000007567599b0 at C:\jdk7u2_64p\jdk7u10\hotspot\src\share\vm\prims\jvm.cpp:1166
Event: 0.608 Thread 0x00000000021df000 Threw 0x000000075675fe90 at C:\jdk7u2_64p\jdk7u10\hotspot\src\share\vm\prims\jvm.cpp:1166
Event: 0.725 Thread 0x00000000021df000 Threw 0x0000000756b8a8b0 at C:\jdk7u2_64p\jdk7u10\hotspot\src\share\vm\prims\jvm.cpp:1166

Events (10 events):
Event: 1.438 Executing VM operation: GetOrSetLocal
Event: 1.438 Executing VM operation: GetOrSetLocal done
Event: 1.438 Executing VM operation: GetOrSetLocal
Event: 1.438 Executing VM operation: GetOrSetLocal done
Event: 1.439 Executing VM operation: GetOrSetLocal
Event: 1.439 Executing VM operation: GetOrSetLocal done
Event: 1.439 Executing VM operation: GetOrSetLocal
Event: 1.439 Executing VM operation: GetOrSetLocal done
Event: 1.439 Executing VM operation: GetOrSetLocal
Event: 1.439 Executing VM operation: GetOrSetLocal done


Dynamic libraries:
0x000000013f970000 - 0x000000013f9a3000 	C:\Program Files\Java\jdk1.7.0_10\bin\java.exe
0x0000000076ce0000 - 0x0000000076e89000 	C:\Windows\SYSTEM32\ntdll.dll
0x0000000076ac0000 - 0x0000000076bdf000 	C:\Windows\system32\kernel32.dll
0x000007fefce80000 - 0x000007fefceeb000 	C:\Windows\system32\KERNELBASE.dll
0x000007fefece0000 - 0x000007fefedbb000 	C:\Windows\system32\ADVAPI32.dll
0x000007fefeea0000 - 0x000007fefef3f000 	C:\Windows\system32\msvcrt.dll
0x000007fefd550000 - 0x000007fefd56f000 	C:\Windows\SYSTEM32\sechost.dll
0x000007fefeaa0000 - 0x000007fefebcd000 	C:\Windows\system32\RPCRT4.dll
0x0000000076be0000 - 0x0000000076cda000 	C:\Windows\system32\USER32.dll
0x000007fefcff0000 - 0x000007fefd057000 	C:\Windows\system32\GDI32.dll
0x000007fefd310000 - 0x000007fefd31e000 	C:\Windows\system32\LPK.dll
0x000007fefcef0000 - 0x000007fefcfb9000 	C:\Windows\system32\USP10.dll
0x000007fefb160000 - 0x000007fefb354000 	C:\Windows\WinSxS\amd64_microsoft.windows.common-controls_6595b64144ccf1df_6.0.7601.17514_none_fa396087175ac9ac\COMCTL32.dll
0x000007fefd0b0000 - 0x000007fefd121000 	C:\Windows\system32\SHLWAPI.dll
0x000007fefcfc0000 - 0x000007fefcfee000 	C:\Windows\system32\IMM32.DLL
0x000007fefebd0000 - 0x000007fefecd9000 	C:\Windows\system32\MSCTF.dll
0x0000000066440000 - 0x0000000066511000 	C:\Program Files\Java\jdk1.7.0_10\jre\bin\msvcr100.dll
0x000000005d9c0000 - 0x000000005e0df000 	C:\Program Files\Java\jdk1.7.0_10\jre\bin\server\jvm.dll
0x000007fee8bb0000 - 0x000007fee8bb9000 	C:\Windows\system32\WSOCK32.dll
0x000007fefd060000 - 0x000007fefd0ad000 	C:\Windows\system32\WS2_32.dll
0x000007fefef40000 - 0x000007fefef48000 	C:\Windows\system32\NSI.dll
0x000007fefa8d0000 - 0x000007fefa90b000 	C:\Windows\system32\WINMM.dll
0x0000000076eb0000 - 0x0000000076eb7000 	C:\Windows\system32\PSAPI.DLL
0x000000006b800000 - 0x000000006b80f000 	C:\Program Files\Java\jdk1.7.0_10\jre\bin\verify.dll
0x0000000068690000 - 0x00000000686b8000 	C:\Program Files\Java\jdk1.7.0_10\jre\bin\java.dll
0x000000006fb00000 - 0x000000006fb35000 	C:\Program Files\Java\jdk1.7.0_10\jre\bin\jdwp.dll
0x000000006faf0000 - 0x000000006faf8000 	C:\Program Files\Java\jdk1.7.0_10\jre\bin\npt.dll
0x0000000067ea0000 - 0x0000000067eb5000 	C:\Program Files\Java\jdk1.7.0_10\jre\bin\zip.dll
0x0000000070210000 - 0x000000007021b000 	C:\Program Files\Java\jdk1.7.0_10\jre\bin\dt_shmem.dll
0x000007fef6280000 - 0x000007fef62ae000 	C:\Windows\System32\aparapi_x86_64.dll
0x000007fef7350000 - 0x000007fef7365000 	C:\Windows\system32\OpenCL.dll
0x0000000067e80000 - 0x0000000067e99000 	C:\Program Files\Java\jdk1.7.0_10\jre\bin\net.dll
0x000007fefc330000 - 0x000007fefc385000 	C:\Windows\system32\mswsock.dll
0x000007fefc320000 - 0x000007fefc327000 	C:\Windows\System32\wship6.dll
0x0000000067e60000 - 0x0000000067e71000 	C:\Program Files\Java\jdk1.7.0_10\jre\bin\nio.dll
0x000007fee2250000 - 0x000007fee2277000 	C:\Windows\system32\IntelOpenCL64.dll
0x000000006f5f0000 - 0x000000006f6c3000 	C:\Windows\WinSxS\amd64_microsoft.vc90.crt_1fc8b3b9a1e18e3b_9.0.30729.6161_none_08e61857a83bc251\MSVCP90.dll
0x0000000072140000 - 0x00000000721e3000 	C:\Windows\WinSxS\amd64_microsoft.vc90.crt_1fc8b3b9a1e18e3b_9.0.30729.6161_none_08e61857a83bc251\MSVCR90.dll
0x000007fee21a0000 - 0x000007fee2248000 	C:\Program Files (x86)\Intel\OpenCL SDK\2.0\bin\x64\intelocl.dll
0x000007fee2080000 - 0x000007fee219d000 	C:\Windows\system32\OPENGL32.dll
0x000007fee1e00000 - 0x000007fee1e2d000 	C:\Windows\system32\GLU32.dll
0x000007fee1d00000 - 0x000007fee1df1000 	C:\Windows\system32\DDRAW.dll
0x000007fef73f0000 - 0x000007fef73f8000 	C:\Windows\system32\DCIMAN32.dll
0x000007fefd130000 - 0x000007fefd307000 	C:\Windows\system32\SETUPAPI.dll
0x000007fefcbc0000 - 0x000007fefcbf6000 	C:\Windows\system32\CFGMGR32.dll
0x000007fefd590000 - 0x000007fefd667000 	C:\Windows\system32\OLEAUT32.dll
0x000007fefe890000 - 0x000007fefea93000 	C:\Windows\system32\ole32.dll
0x000007fefccc0000 - 0x000007fefccda000 	C:\Windows\system32\DEVOBJ.dll
0x000007fefacf0000 - 0x000007fefad08000 	C:\Windows\system32\dwmapi.dll
0x000007fedf600000 - 0x000007fee0796000 	C:\Program Files (x86)\Intel\OpenCL SDK\2.0\bin\x64\clang_compiler.dll
0x000007fef7330000 - 0x000007fef7346000 	C:\Program Files (x86)\Intel\OpenCL SDK\2.0\bin\x64\task_executor.dll
0x000007fef6030000 - 0x000007fef6155000 	C:\Windows\system32\dbghelp.dll
0x000007fee1b60000 - 0x000007fee1bb7000 	C:\Program Files (x86)\Intel\OpenCL SDK\2.0\bin\x64\cpu_device.dll
0x0000000180000000 - 0x000000018004b000 	C:\Program Files (x86)\Intel\OpenCL SDK\2.0\bin\x64\tbb\tbb.dll
0x000007fedc430000 - 0x000007feddf8f000 	C:\Windows\system32\amdocl64.dll
0x000007fef6260000 - 0x000007fef627e000 	C:\Windows\system32\atig6txx.dll
0x000007fefbc20000 - 0x000007fefbc2c000 	C:\Windows\system32\VERSION.dll
0x000007fefcb80000 - 0x000007fefcbba000 	C:\Windows\system32\WINTRUST.dll
0x000007fefcce0000 - 0x000007fefce4c000 	C:\Windows\system32\CRYPT32.dll
0x000007fefcb60000 - 0x000007fefcb6f000 	C:\Windows\system32\MSASN1.dll
0x000000005ede0000 - 0x000000005f459000 	C:\Windows\system32\atiumd6a.dll
0x000007fef9a20000 - 0x000007fef9aef000 	C:\Windows\system32\atiadlxx.dll
0x000007fefda60000 - 0x000007fefe7e8000 	C:\Windows\system32\SHELL32.dll
0x000007fefb4e0000 - 0x000007fefb60c000 	C:\Windows\system32\PROPSYS.dll
0x000007fefbe00000 - 0x000007fefbe1e000 	C:\Windows\system32\USERENV.dll
0x000007fefcac0000 - 0x000007fefcacf000 	C:\Windows\system32\profapi.dll
0x000007fefbc00000 - 0x000007fefbc11000 	C:\Windows\system32\WTSAPI32.dll
0x000007fefa420000 - 0x000007fefa447000 	C:\Windows\system32\IPHLPAPI.DLL
0x000007fefa410000 - 0x000007fefa41b000 	C:\Windows\system32\WINNSI.DLL

VM Arguments:
jvm_args: -Xdebug -Xrunjdwp:transport=dt_shmem,address=javadebug -Dfile.encoding=UTF-8 
java_command: com.propaganda905.geneticai.App
Launcher Type: SUN_STANDARD

Environment Variables:
JAVA_HOME=C:\Program Files\Java\jdk1.7.0_25
PATH=C:\Users\Administrator\AMD APP SDK\2.9\bin\x86_64;C:\Users\Administrator\AMD APP SDK\2.9\bin\x86;C:\Program Files (x86)\AMD APP SDK\2.9\bin\x86_64;C:\Program Files (x86)\AMD APP SDK\2.9\bin\x86;C:\Program Files\ImageMagick-6.8.6-Q16;C:\Program Files (x86)\NVIDIA Corporation\PhysX\Common;C:\Program Files\Common Files\Microsoft Shared\Windows Live;C:\Users\Administrator\Documents\AMD APP\bin\x86_64;C:\Users\Administrator\Documents\AMD APP\bin\x86;C:\Program Files (x86)\AMD APP\bin\x86_64;C:\Program Files (x86)\AMD APP\bin\x86;C:\Program Files (x86)\Intel\iCLS Client\;C:\Program Files\Intel\iCLS Client\;C:\Windows\system32;C:\Windows;C:\Windows\System32\Wbem;C:\Windows\System32\WindowsPowerShell\v1.0\;C:\Program Files (x86)\Intel\OpenCL SDK\2.0\bin\x86;C:\Program Files (x86)\Intel\OpenCL SDK\2.0\bin\x64;C:\Program Files\Intel\Intel(R) Management Engine Components\DAL;C:\Program Files\Intel\Intel(R) Management Engine Components\IPT;C:\Program Files (x86)\Intel\Intel(R) Management Engine Components\DAL;C:\Program Files (x86)\Intel\Intel(R) Management Engine Components\IPT;C:\Program Files (x86)\ATI Technologies\ATI.ACE\Core-Static;C:\Program Files (x86)\Windows Kits\8.0\Windows Performance Toolkit\;C:\Program Files\Microsoft SQL Server\110\Tools\Binn\;C:\MinGW\bin\;C:\MinGW\msys\1.0\bin\;D:\work\FaceDetect\opencv\build\x64\vc10\bin\;D:\work\FaceDetect\jna-master\;C:\Windows\SysWOW64;C:\development\adt-bundle-windows-x86_64-20130729\sdk\tools;C:\development\adt-bundle-windows-x86_64-20130729\sdk\platform-tools;C:\development\android-ndk-r9;C:\development\apache-ant-1.9.2\bin;C:\Program Files\Java\jdk1.7.0_25\bin;C:\Program Files\TortoiseSVN\bin;C:\development\Tesseract-OCR;C:\development\apache-maven-3.1.1\bin;C:\development\aparapi;C:\Program Files\Common Files\Microsoft Shared\Windows Live;C:\Program Files (x86)\HMA! Pro VPN\bin
USERNAME=Administrator
OS=Windows_NT
PROCESSOR_IDENTIFIER=Intel64 Family 6 Model 42 Stepping 7, GenuineIntel



---------------  S Y S T E M  ---------------

OS: Windows 7 , 64 bit Build 7601 Service Pack 1

CPU:total 4 (4 cores per cpu, 1 threads per core) family 6 model 42 stepping 7, cmov, cx8, fxsr, mmx, sse, sse2, sse3, ssse3, sse4.1, sse4.2, popcnt, avx, tsc, tscinvbit

Memory: 4k page, physical 33469552k(28765928k free), swap 66937244k(60563088k free)

vm_info: Java HotSpot(TM) 64-Bit Server VM (23.6-b04) for windows-amd64 JRE (1.7.0_10-b18), built on Nov 28 2012 05:00:40 by "java_re" with unknown MS VC++:1600

time: Fri Dec 20 17:37:54 2013
elapsed time: 3 seconds

