#
# A fatal error has been detected by the Java Runtime Environment:
#
#  EXCEPTION_ACCESS_VIOLATION (0xc0000005) at pc=0x000000005dabb330, pid=4588, tid=2252
#
# JRE version: 7.0_10-b18
# Java VM: Java HotSpot(TM) 64-Bit Server VM (23.6-b04 mixed mode windows-amd64 compressed oops)
# Problematic frame:
# V  [jvm.dll+0xfb330]
#
# Failed to write core dump. Minidumps are not enabled by default on client versions of Windows
#
# If you would like to submit a bug report, please visit:
#   http://bugreport.sun.com/bugreport/crash.jsp
#

---------------  T H R E A D  ---------------

Current thread (0x000000001bc3f000):  JavaThread "JDWP Transport Listener: dt_shmem" daemon [_thread_in_vm, id=2252, stack(0x000000001d0e0000,0x000000001d1e0000)]

siginfo: ExceptionCode=0xc0000005, reading address 0x0000000000000400

Registers:
RAX=0x0000000000000040, RBX=0x000000001bc3f000, RCX=0x0000000000000040, RDX=0x00000005fc20b8d0
RSP=0x000000001d1df550, RBP=0x0000000002156998, RSI=0x000000001bc502e8, RDI=0x000000001bc50200
R8 =0x00000000000003d0, R9 =0x0000000000000000, R10=0x00000005fc4bf108, R11=0x000000001bc33da0
R12=0x000000006f6b72b8, R13=0x000000006f6b729c, R14=0x000000006f6ba4e0, R15=0x000000006f6b72b8
RIP=0x000000005dabb330, EFLAGS=0x0000000000010206

Top of Stack: (sp=0x000000001d1df550)
0x000000001d1df550:   000000001bc3f000 000000001bbb52b8
0x000000001d1df560:   00000005fc4bf108 0000000000000132
0x000000001d1df570:   000000001bc502e8 000000006f6b395a
0x000000001d1df580:   000000001bc3f1d8 000000006f6bc5e8
0x000000001d1df590:   000000001d1df730 0000000000000000
0x000000001d1df5a0:   000000006f6bc5e8 000000001bbb52b8
0x000000001d1df5b0:   000000001bbb52b8 000000006f6b557f
0x000000001d1df5c0:   000000001bc502e8 0000000000000132
0x000000001d1df5d0:   000000001bc3f1d8 000000001bbb52b8
0x000000001d1df5e0:   0000000000000000 000000006f6a69da
0x000000001d1df5f0:   0000000000000000 0000000000000000
0x000000001d1df600:   000000001d1df730 0000000000000000
0x000000001d1df610:   000000001d1df700 000000006f6b5b5f
0x000000001d1df620:   00000000020ad3f0 000000001bc3f1d8
0x000000001d1df630:   0000000000000001 0000000000000000
0x000000001d1df640:   0000000000000000 0000000000000000 

Instructions: (pc=0x000000005dabb330)
0x000000005dabb310:   08 8b 0d 01 f2 55 00 48 d3 e0 48 03 05 ef f1 55
0x000000005dabb320:   00 eb 04 48 8b 40 08 8b 4a 1c 4c 8d 40 10 8b c1
0x000000005dabb330:   4a 39 54 01 f0 75 04 b0 01 eb 11 83 f9 28 74 04
0x000000005dabb340:   32 c0 eb 08 49 8b c8 e8 14 33 fe ff 84 c0 40 0f 


Register to memory mapping:

RAX=0x0000000000000040 is an unknown value
RBX=0x000000001bc3f000 is a thread
RCX=0x0000000000000040 is an unknown value
RDX=0x00000005fc20b8d0 is an oop
{instance class} 
 - klass: {other class}
RSP=0x000000001d1df550 is pointing into the stack for thread: 0x000000001bc3f000
RBP=0x0000000002156998 is a global jni handle
RSI=0x000000001bc502e8 is an unknown value
RDI=0x000000001bc50200 is a weak global jni handle
R8 =0x00000000000003d0 is an unknown value
R9 =0x0000000000000000 is an unknown value
R10=0x00000005fc4bf108 is an oop
{instance class} 
 - klass: {other class}
R11=0x000000001bc33da0 is an unknown value
R12=0x000000006f6b72b8 is an unknown value
R13=0x000000006f6b729c is an unknown value
R14=0x000000006f6ba4e0 is an unknown value
R15=0x000000006f6b72b8 is an unknown value


Stack: [0x000000001d0e0000,0x000000001d1e0000],  sp=0x000000001d1df550,  free space=1021k
Native frames: (J=compiled Java code, j=interpreted, Vv=VM code, C=native code)
V  [jvm.dll+0xfb330]


---------------  P R O C E S S  ---------------

Java Threads: ( => current thread )
  0x000000001bc66000 JavaThread "Service Thread" daemon [_thread_blocked, id=4964, stack(0x000000001d970000,0x000000001da70000)]
  0x000000001bc61000 JavaThread "C2 CompilerThread1" daemon [_thread_blocked, id=5248, stack(0x000000001d750000,0x000000001d850000)]
  0x000000001bc5b800 JavaThread "C2 CompilerThread0" daemon [_thread_blocked, id=2788, stack(0x000000001d5e0000,0x000000001d6e0000)]
  0x000000001bc4e800 JavaThread "JDWP Command Reader" daemon [_thread_in_native, id=5240, stack(0x000000001d3e0000,0x000000001d4e0000)]
  0x000000001bc4b800 JavaThread "JDWP Event Helper Thread" daemon [_thread_blocked, id=4240, stack(0x000000001d2d0000,0x000000001d3d0000)]
=>0x000000001bc3f000 JavaThread "JDWP Transport Listener: dt_shmem" daemon [_thread_in_vm, id=2252, stack(0x000000001d0e0000,0x000000001d1e0000)]
  0x000000001bc37800 JavaThread "Attach Listener" daemon [_thread_blocked, id=4948, stack(0x000000001cf10000,0x000000001d010000)]
  0x000000001bc32800 JavaThread "Signal Dispatcher" daemon [_thread_blocked, id=5328, stack(0x000000001cd30000,0x000000001ce30000)]
  0x0000000002169000 JavaThread "Finalizer" daemon [_thread_blocked, id=4580, stack(0x000000001cb90000,0x000000001cc90000)]
  0x0000000002162000 JavaThread "Reference Handler" daemon [_thread_blocked, id=4688, stack(0x000000001c990000,0x000000001ca90000)]
  0x000000000038f000 JavaThread "main" [_thread_blocked, id=5252, stack(0x00000000022c0000,0x00000000023c0000)]

Other Threads:
  0x000000001bbb2800 VMThread [stack: 0x000000001ca90000,0x000000001cb90000] [id=5472]
  0x000000001bc83000 WatcherThread [stack: 0x000000001d870000,0x000000001d970000] [id=2224]

VM state:not at safepoint (normal execution)

VM Mutex/Monitor currently owned by a thread: None

Heap
 PSYoungGen      total 152576K, used 18323K [0x0000000755c00000, 0x0000000760640000, 0x0000000800000000)
  eden space 130816K, 14% used [0x0000000755c00000,0x0000000756de4da0,0x000000075dbc0000)
  from space 21760K, 0% used [0x000000075f100000,0x000000075f100000,0x0000000760640000)
  to   space 21760K, 0% used [0x000000075dbc0000,0x000000075dbc0000,0x000000075f100000)
 ParOldGen       total 348672K, used 0K [0x0000000601400000, 0x0000000616880000, 0x0000000755c00000)
  object space 348672K, 0% used [0x0000000601400000,0x0000000601400000,0x0000000616880000)
 PSPermGen       total 21248K, used 5713K [0x00000005fc200000, 0x00000005fd6c0000, 0x0000000601400000)
  object space 21248K, 26% used [0x00000005fc200000,0x00000005fc794738,0x00000005fd6c0000)

Card table byte_map: [0x00000000053c0000,0x00000000063e0000] byte_map_base: 0x00000000023df000

Polling page: 0x0000000000340000

Code Cache  [0x00000000023c0000, 0x0000000002630000, 0x00000000053c0000)
 total_blobs=276 nmethods=46 adapters=189 free_code_cache=48671Kb largest_free_block=49815680

Compilation events (10 events):
Event: 0.808 Thread 0x000000001bc61000   42             java.util.HashMap$Entry::<init> (26 bytes)
Event: 0.809 Thread 0x000000001bc61000 nmethod 42 0x000000000242d0d0 code [0x000000000242d200, 0x000000000242d298]
Event: 0.809 Thread 0x000000001bc5b800   43             java.util.HashMap$Entry::getValue (5 bytes)
Event: 0.809 Thread 0x000000001bc5b800 nmethod 43 0x0000000002437c50 code [0x0000000002437d80, 0x0000000002437df8]
Event: 0.814 Thread 0x000000001bc61000   44             java.nio.HeapByteBuffer::ix (7 bytes)
Event: 0.815 Thread 0x000000001bc61000 nmethod 44 0x0000000002434c10 code [0x0000000002434d40, 0x0000000002434d98]
Event: 0.868 Thread 0x000000001bc5b800   45             java.lang.String::startsWith (7 bytes)
Event: 0.868 Thread 0x000000001bc61000   46             sun.misc.MetaIndex::mayContain (51 bytes)
Event: 0.870 Thread 0x000000001bc5b800 nmethod 45 0x0000000002439050 code [0x00000000024391a0, 0x00000000024393f8]
Event: 0.872 Thread 0x000000001bc61000 nmethod 46 0x0000000002438650 code [0x00000000024387c0, 0x0000000002438c08]

GC Heap History (0 events):
No events

Deoptimization events (0 events):
No events

Internal exceptions (10 events):
Event: 0.333 Thread 0x000000000038f000 Threw 0x0000000756722bc8 at C:\jdk7u2_64p\jdk7u10\hotspot\src\share\vm\prims\jvm.cpp:1166
Event: 0.333 Thread 0x000000000038f000 Threw 0x00000007567261e8 at C:\jdk7u2_64p\jdk7u10\hotspot\src\share\vm\prims\jvm.cpp:1166
Event: 0.745 Thread 0x000000000038f000 Threw 0x0000000756729c40 at C:\jdk7u2_64p\jdk7u10\hotspot\src\share\vm\prims\jvm.cpp:1166
Event: 0.745 Thread 0x000000000038f000 Threw 0x000000075672e3a0 at C:\jdk7u2_64p\jdk7u10\hotspot\src\share\vm\prims\jvm.cpp:1166
Event: 0.746 Thread 0x000000000038f000 Threw 0x0000000756740fc0 at C:\jdk7u2_64p\jdk7u10\hotspot\src\share\vm\prims\jvm.cpp:1166
Event: 0.747 Thread 0x000000000038f000 Threw 0x00000007567541c8 at C:\jdk7u2_64p\jdk7u10\hotspot\src\share\vm\prims\jvm.cpp:1166
Event: 0.748 Thread 0x000000000038f000 Threw 0x0000000756756d30 at C:\jdk7u2_64p\jdk7u10\hotspot\src\share\vm\prims\jvm.cpp:1166
Event: 0.748 Thread 0x000000000038f000 Threw 0x00000007567599e0 at C:\jdk7u2_64p\jdk7u10\hotspot\src\share\vm\prims\jvm.cpp:1166
Event: 0.749 Thread 0x000000000038f000 Threw 0x000000075675fec0 at C:\jdk7u2_64p\jdk7u10\hotspot\src\share\vm\prims\jvm.cpp:1166
Event: 0.868 Thread 0x000000000038f000 Threw 0x0000000756b8a8d0 at C:\jdk7u2_64p\jdk7u10\hotspot\src\share\vm\prims\jvm.cpp:1166

Events (10 events):
Event: 1.581 Executing VM operation: GetOrSetLocal
Event: 1.581 Executing VM operation: GetOrSetLocal done
Event: 1.581 Executing VM operation: GetOrSetLocal
Event: 1.581 Executing VM operation: GetOrSetLocal done
Event: 1.581 Executing VM operation: GetOrSetLocal
Event: 1.581 Executing VM operation: GetOrSetLocal done
Event: 1.581 Executing VM operation: GetOrSetLocal
Event: 1.581 Executing VM operation: GetOrSetLocal done
Event: 1.581 Executing VM operation: GetOrSetLocal
Event: 1.581 Executing VM operation: GetOrSetLocal done


Dynamic libraries:
0x000000013fb00000 - 0x000000013fb33000 	C:\Program Files\Java\jdk1.7.0_10\bin\java.exe
0x0000000076ce0000 - 0x0000000076e89000 	C:\Windows\SYSTEM32\ntdll.dll
0x0000000076ac0000 - 0x0000000076bdf000 	C:\Windows\system32\kernel32.dll
0x000007fefce80000 - 0x000007fefceeb000 	C:\Windows\system32\KERNELBASE.dll
0x000007fefece0000 - 0x000007fefedbb000 	C:\Windows\system32\ADVAPI32.dll
0x000007fefeea0000 - 0x000007fefef3f000 	C:\Windows\system32\msvcrt.dll
0x000007fefd550000 - 0x000007fefd56f000 	C:\Windows\SYSTEM32\sechost.dll
0x000007fefeaa0000 - 0x000007fefebcd000 	C:\Windows\system32\RPCRT4.dll
0x0000000076be0000 - 0x0000000076cda000 	C:\Windows\system32\USER32.dll
0x000007fefcff0000 - 0x000007fefd057000 	C:\Windows\system32\GDI32.dll
0x000007fefd310000 - 0x000007fefd31e000 	C:\Windows\system32\LPK.dll
0x000007fefcef0000 - 0x000007fefcfb9000 	C:\Windows\system32\USP10.dll
0x000007fefb160000 - 0x000007fefb354000 	C:\Windows\WinSxS\amd64_microsoft.windows.common-controls_6595b64144ccf1df_6.0.7601.17514_none_fa396087175ac9ac\COMCTL32.dll
0x000007fefd0b0000 - 0x000007fefd121000 	C:\Windows\system32\SHLWAPI.dll
0x000007fefcfc0000 - 0x000007fefcfee000 	C:\Windows\system32\IMM32.DLL
0x000007fefebd0000 - 0x000007fefecd9000 	C:\Windows\system32\MSCTF.dll
0x0000000066440000 - 0x0000000066511000 	C:\Program Files\Java\jdk1.7.0_10\jre\bin\msvcr100.dll
0x000000005d9c0000 - 0x000000005e0df000 	C:\Program Files\Java\jdk1.7.0_10\jre\bin\server\jvm.dll
0x000007fee8bb0000 - 0x000007fee8bb9000 	C:\Windows\system32\WSOCK32.dll
0x000007fefd060000 - 0x000007fefd0ad000 	C:\Windows\system32\WS2_32.dll
0x000007fefef40000 - 0x000007fefef48000 	C:\Windows\system32\NSI.dll
0x000007fefa8d0000 - 0x000007fefa90b000 	C:\Windows\system32\WINMM.dll
0x0000000076eb0000 - 0x0000000076eb7000 	C:\Windows\system32\PSAPI.DLL
0x000000006b800000 - 0x000000006b80f000 	C:\Program Files\Java\jdk1.7.0_10\jre\bin\verify.dll
0x0000000068690000 - 0x00000000686b8000 	C:\Program Files\Java\jdk1.7.0_10\jre\bin\java.dll
0x000000006f690000 - 0x000000006f6c5000 	C:\Program Files\Java\jdk1.7.0_10\jre\bin\jdwp.dll
0x000000006fb30000 - 0x000000006fb38000 	C:\Program Files\Java\jdk1.7.0_10\jre\bin\npt.dll
0x0000000067ea0000 - 0x0000000067eb5000 	C:\Program Files\Java\jdk1.7.0_10\jre\bin\zip.dll
0x0000000070210000 - 0x000000007021b000 	C:\Program Files\Java\jdk1.7.0_10\jre\bin\dt_shmem.dll
0x000007fef7340000 - 0x000007fef736e000 	C:\Windows\System32\aparapi_x86_64.dll
0x000007fef6290000 - 0x000007fef62a5000 	C:\Windows\system32\OpenCL.dll
0x0000000067e80000 - 0x0000000067e99000 	C:\Program Files\Java\jdk1.7.0_10\jre\bin\net.dll
0x000007fefc330000 - 0x000007fefc385000 	C:\Windows\system32\mswsock.dll
0x000007fefc320000 - 0x000007fefc327000 	C:\Windows\System32\wship6.dll
0x0000000067e60000 - 0x0000000067e71000 	C:\Program Files\Java\jdk1.7.0_10\jre\bin\nio.dll
0x000007fef6260000 - 0x000007fef6287000 	C:\Windows\system32\IntelOpenCL64.dll
0x000000006f5b0000 - 0x000000006f683000 	C:\Windows\WinSxS\amd64_microsoft.vc90.crt_1fc8b3b9a1e18e3b_9.0.30729.6161_none_08e61857a83bc251\MSVCP90.dll
0x0000000072140000 - 0x00000000721e3000 	C:\Windows\WinSxS\amd64_microsoft.vc90.crt_1fc8b3b9a1e18e3b_9.0.30729.6161_none_08e61857a83bc251\MSVCR90.dll
0x000007fee1d80000 - 0x000007fee1e28000 	C:\Program Files (x86)\Intel\OpenCL SDK\2.0\bin\x64\intelocl.dll
0x000007fee1aa0000 - 0x000007fee1bbd000 	C:\Windows\system32\OPENGL32.dll
0x000007fee1d50000 - 0x000007fee1d7d000 	C:\Windows\system32\GLU32.dll
0x000007fee19a0000 - 0x000007fee1a91000 	C:\Windows\system32\DDRAW.dll
0x000007fefb130000 - 0x000007fefb138000 	C:\Windows\system32\DCIMAN32.dll
0x000007fefd130000 - 0x000007fefd307000 	C:\Windows\system32\SETUPAPI.dll
0x000007fefcbc0000 - 0x000007fefcbf6000 	C:\Windows\system32\CFGMGR32.dll
0x000007fefd590000 - 0x000007fefd667000 	C:\Windows\system32\OLEAUT32.dll
0x000007fefe890000 - 0x000007fefea93000 	C:\Windows\system32\ole32.dll
0x000007fefccc0000 - 0x000007fefccda000 	C:\Windows\system32\DEVOBJ.dll
0x000007fefacf0000 - 0x000007fefad08000 	C:\Windows\system32\dwmapi.dll
0x000007fedcdf0000 - 0x000007feddf86000 	C:\Program Files (x86)\Intel\OpenCL SDK\2.0\bin\x64\clang_compiler.dll
0x000007fee1d30000 - 0x000007fee1d46000 	C:\Program Files (x86)\Intel\OpenCL SDK\2.0\bin\x64\task_executor.dll
0x000007fef6030000 - 0x000007fef6155000 	C:\Windows\system32\dbghelp.dll
0x000007fee1940000 - 0x000007fee1997000 	C:\Program Files (x86)\Intel\OpenCL SDK\2.0\bin\x64\cpu_device.dll
0x0000000180000000 - 0x000000018004b000 	C:\Program Files (x86)\Intel\OpenCL SDK\2.0\bin\x64\tbb\tbb.dll
0x000007fedec40000 - 0x000007fee079f000 	C:\Windows\system32\amdocl64.dll
0x000007fee1d10000 - 0x000007fee1d2e000 	C:\Windows\system32\atig6txx.dll
0x000007fefbc20000 - 0x000007fefbc2c000 	C:\Windows\system32\VERSION.dll
0x000007fefcb80000 - 0x000007fefcbba000 	C:\Windows\system32\WINTRUST.dll
0x000007fefcce0000 - 0x000007fefce4c000 	C:\Windows\system32\CRYPT32.dll
0x000007fefcb60000 - 0x000007fefcb6f000 	C:\Windows\system32\MSASN1.dll
0x000000005ede0000 - 0x000000005f459000 	C:\Windows\system32\atiumd6a.dll
0x000007fef9a20000 - 0x000007fef9aef000 	C:\Windows\system32\atiadlxx.dll
0x000007fefda60000 - 0x000007fefe7e8000 	C:\Windows\system32\SHELL32.dll
0x000007fefb4e0000 - 0x000007fefb60c000 	C:\Windows\system32\PROPSYS.dll
0x000007fefbe00000 - 0x000007fefbe1e000 	C:\Windows\system32\USERENV.dll
0x000007fefcac0000 - 0x000007fefcacf000 	C:\Windows\system32\profapi.dll
0x000007fefbc00000 - 0x000007fefbc11000 	C:\Windows\system32\WTSAPI32.dll
0x000007fefa420000 - 0x000007fefa447000 	C:\Windows\system32\IPHLPAPI.DLL
0x000007fefa410000 - 0x000007fefa41b000 	C:\Windows\system32\WINNSI.DLL

VM Arguments:
jvm_args: -Xdebug -Xrunjdwp:transport=dt_shmem,address=javadebug -Dfile.encoding=UTF-8 
java_command: com.propaganda905.geneticai.App
Launcher Type: SUN_STANDARD

Environment Variables:
JAVA_HOME=C:\Program Files\Java\jdk1.7.0_25
PATH=C:\Users\Administrator\AMD APP SDK\2.9\bin\x86_64;C:\Users\Administrator\AMD APP SDK\2.9\bin\x86;C:\Program Files (x86)\AMD APP SDK\2.9\bin\x86_64;C:\Program Files (x86)\AMD APP SDK\2.9\bin\x86;C:\Program Files\ImageMagick-6.8.6-Q16;C:\Program Files (x86)\NVIDIA Corporation\PhysX\Common;C:\Program Files\Common Files\Microsoft Shared\Windows Live;C:\Users\Administrator\Documents\AMD APP\bin\x86_64;C:\Users\Administrator\Documents\AMD APP\bin\x86;C:\Program Files (x86)\AMD APP\bin\x86_64;C:\Program Files (x86)\AMD APP\bin\x86;C:\Program Files (x86)\Intel\iCLS Client\;C:\Program Files\Intel\iCLS Client\;C:\Windows\system32;C:\Windows;C:\Windows\System32\Wbem;C:\Windows\System32\WindowsPowerShell\v1.0\;C:\Program Files (x86)\Intel\OpenCL SDK\2.0\bin\x86;C:\Program Files (x86)\Intel\OpenCL SDK\2.0\bin\x64;C:\Program Files\Intel\Intel(R) Management Engine Components\DAL;C:\Program Files\Intel\Intel(R) Management Engine Components\IPT;C:\Program Files (x86)\Intel\Intel(R) Management Engine Components\DAL;C:\Program Files (x86)\Intel\Intel(R) Management Engine Components\IPT;C:\Program Files (x86)\ATI Technologies\ATI.ACE\Core-Static;C:\Program Files (x86)\Windows Kits\8.0\Windows Performance Toolkit\;C:\Program Files\Microsoft SQL Server\110\Tools\Binn\;C:\MinGW\bin\;C:\MinGW\msys\1.0\bin\;D:\work\FaceDetect\opencv\build\x64\vc10\bin\;D:\work\FaceDetect\jna-master\;C:\Windows\SysWOW64;C:\development\adt-bundle-windows-x86_64-20130729\sdk\tools;C:\development\adt-bundle-windows-x86_64-20130729\sdk\platform-tools;C:\development\android-ndk-r9;C:\development\apache-ant-1.9.2\bin;C:\Program Files\Java\jdk1.7.0_25\bin;C:\Program Files\TortoiseSVN\bin;C:\development\Tesseract-OCR;C:\development\apache-maven-3.1.1\bin;C:\development\aparapi;C:\Program Files\Common Files\Microsoft Shared\Windows Live;C:\Program Files (x86)\HMA! Pro VPN\bin
USERNAME=Administrator
OS=Windows_NT
PROCESSOR_IDENTIFIER=Intel64 Family 6 Model 42 Stepping 7, GenuineIntel



---------------  S Y S T E M  ---------------

OS: Windows 7 , 64 bit Build 7601 Service Pack 1

CPU:total 4 (4 cores per cpu, 1 threads per core) family 6 model 42 stepping 7, cmov, cx8, fxsr, mmx, sse, sse2, sse3, ssse3, sse4.1, sse4.2, popcnt, avx, tsc, tscinvbit

Memory: 4k page, physical 33469552k(28759808k free), swap 66937244k(60559092k free)

vm_info: Java HotSpot(TM) 64-Bit Server VM (23.6-b04) for windows-amd64 JRE (1.7.0_10-b18), built on Nov 28 2012 05:00:40 by "java_re" with unknown MS VC++:1600

time: Fri Dec 20 17:37:34 2013
elapsed time: 3 seconds

